Line 38: Class MSAdodcLib.Adodc of control Adodc1 was not a loaded control class.
Line 164: Class XtremeSuiteControls.DateTimePicker of control DateTimePicker2 was not a loaded control class.
Line 176: Class XtremeSuiteControls.DateTimePicker of control DateTimePicker1 was not a loaded control class.
Line 230: Class MSDataGridLib.DataGrid of control DataGrid1 was not a loaded control class.
Line 43: The property name _ExtentX in Adodc1 is invalid.
Line 44: The property name _ExtentY in Adodc1 is invalid.
Line 45: The property name ConnectMode in Adodc1 is invalid.
Line 46: The property name CursorLocation in Adodc1 is invalid.
Line 47: The property name IsolationLevel in Adodc1 is invalid.
Line 48: The property name ConnectionTimeout in Adodc1 is invalid.
Line 49: The property name CommandTimeout in Adodc1 is invalid.
Line 50: The property name CursorType in Adodc1 is invalid.
Line 51: The property name LockType in Adodc1 is invalid.
Line 52: The property name CommandType in Adodc1 is invalid.
Line 53: The property name CursorOptions in Adodc1 is invalid.
Line 54: The property name CacheSize in Adodc1 is invalid.
Line 55: The property name MaxRecords in Adodc1 is invalid.
Line 56: The property name BOFAction in Adodc1 is invalid.
Line 57: The property name EOFAction in Adodc1 is invalid.
Line 58: The property name ConnectStringType in Adodc1 is invalid.
Line 62: The property name Orientation in Adodc1 is invalid.
Line 64: The property name Connect in Adodc1 is invalid.
Line 65: The property name OLEDBString in Adodc1 is invalid.
Line 66: The property name OLEDBFile in Adodc1 is invalid.
Line 67: The property name DataSourceName in Adodc1 is invalid.
Line 68: The property name OtherAttributes in Adodc1 is invalid.
Line 69: The property name UserName in Adodc1 is invalid.
Line 70: The property name Password in Adodc1 is invalid.
Line 71: The property name RecordSource in Adodc1 is invalid.
Line 72: The property name Caption in Adodc1 is invalid.
Line 82: The property name _Version in Adodc1 is invalid.
Line 170: The property name _Version in DateTimePicker2 is invalid.
Line 171: The property name _ExtentX in DateTimePicker2 is invalid.
Line 172: The property name _ExtentY in DateTimePicker2 is invalid.
Line 173: The property name _StockProps in DateTimePicker2 is invalid.
Line 174: The property name CurrentDate in DateTimePicker2 is invalid.
Line 182: The property name _Version in DateTimePicker1 is invalid.
Line 183: The property name _ExtentX in DateTimePicker1 is invalid.
Line 184: The property name _ExtentY in DateTimePicker1 is invalid.
Line 185: The property name _StockProps in DateTimePicker1 is invalid.
Line 186: The property name CurrentDate in DateTimePicker1 is invalid.
Line 231: The property name Bindings in DataGrid1 is invalid.
Line 237: The property name _ExtentX in DataGrid1 is invalid.
Line 238: The property name _ExtentY in DataGrid1 is invalid.
Line 239: The property name _Version in DataGrid1 is invalid.
Line 240: The property name AllowUpdate in DataGrid1 is invalid.
Line 241: The property name HeadLines in DataGrid1 is invalid.
Line 242: The property name RowHeight in DataGrid1 is invalid.
Line 251: The property name HeadFont in DataGrid1 is invalid.
Line 261: The property name Caption in DataGrid1 is invalid.
Line 262: The property name ColumnCount in DataGrid1 is invalid.
Line 275: The property name Column00 in DataGrid1 is invalid.
Line 288: The property name Column01 in DataGrid1 is invalid.
Line 289: The property name SplitCount in DataGrid1 is invalid.
Line 295: The property name Split0 in DataGrid1 is invalid.
